<testsuites id="" name="" tests="106" failures="0" skipped="0" errors="0" time="1549.107111">
<testsuite name="auth.setup.ts" timestamp="2026-04-22T18:27:53.466Z" hostname="setup" tests="1" failures="0" skipped="0" time="2.304" errors="0">
<testcase name="authenticate and save browser state" classname="auth.setup.ts" time="2.304">
<system-out>
<![CDATA[
[[ATTACHMENT|test-results\auth.setup.ts-authenticate-and-save-browser-state-setup\video.webm]]

[[ATTACHMENT|test-results\auth.setup.ts-authenticate-and-save-browser-state-setup\trace.zip]]
]]>
</system-out>
</testcase>
</testsuite>
<testsuite name="reconciliation-suite.spec.ts" timestamp="2026-04-22T18:27:53.466Z" hostname="chromium" tests="105" failures="0" skipped="0" time="1502.757" errors="0">
<testcase name="[RS-001] @deterministic Exact Match All Key Fields" classname="reconciliation-suite.spec.ts" time="2.631">
<system-out>
<![CDATA[
[[ATTACHMENT|test-results\reconciliation-suite--RS-0-b942f--Exact-Match-All-Key-Fields-chromium\attachments\RS-001-result-0c2de2d195dc01ef090675c5fcfccad5c80f81ac.json]]

[[ATTACHMENT|test-results\reconciliation-suite--RS-0-b942f--Exact-Match-All-Key-Fields-chromium\video.webm]]

[[ATTACHMENT|test-results\reconciliation-suite--RS-0-b942f--Exact-Match-All-Key-Fields-chromium\trace.zip]]
]]>
</system-out>
</testcase>
<testcase name="[RS-002] @deterministic Exact match using Additional Information metadata" classname="reconciliation-suite.spec.ts" time="8.445">
<system-out>
<![CDATA[
[[ATTACHMENT|test-results\reconciliation-suite--RS-0-7dc95-tional-Information-metadata-chromium\attachments\RS-002-result-2df5a44f5deb5cff9e9ed0a0f4163cec7eba0af9.json]]

[[ATTACHMENT|test-results\reconciliation-suite--RS-0-7dc95-tional-Information-metadata-chromium\video.webm]]

[[ATTACHMENT|test-results\reconciliation-suite--RS-0-7dc95-tional-Information-metadata-chromium\trace.zip]]
]]>
</system-out>
</testcase>
<testcase name="[RS-003] @deterministic Single deposit line splits cleanly across multiple schedules" classname="reconciliation-suite.spec.ts" time="6.693">
<system-out>
<![CDATA[
[[ATTACHMENT|test-results\reconciliation-suite--RS-0-fec5a-y-across-multiple-schedules-chromium\attachments\RS-003-result-c8ecdca9249be9a0a5a3d53b1e714e26f0243dc1.json]]

[[ATTACHMENT|test-results\reconciliation-suite--RS-0-fec5a-y-across-multiple-schedules-chromium\video.webm]]

[[ATTACHMENT|test-results\reconciliation-suite--RS-0-fec5a-y-across-multiple-schedules-chromium\trace.zip]]
]]>
</system-out>
</testcase>
<testcase name="[RS-004] @deterministic Multiple deposit lines roll up to one schedule" classname="reconciliation-suite.spec.ts" time="34.41">
<system-out>
<![CDATA[
[[ATTACHMENT|test-results\reconciliation-suite--RS-0-71a68-nes-roll-up-to-one-schedule-chromium\attachments\RS-004-result-b2c66385f9e83fe33b52052e25dd8713c0458cd4.json]]

[[ATTACHMENT|test-results\reconciliation-suite--RS-0-71a68-nes-roll-up-to-one-schedule-chromium\video.webm]]

[[ATTACHMENT|test-results\reconciliation-suite--RS-0-71a68-nes-roll-up-to-one-schedule-chromium\trace.zip]]
]]>
</system-out>
</testcase>
<testcase name="[RS-005] @deterministic Bundle payment matches multiple bundled products" classname="reconciliation-suite.spec.ts" time="23.243">
<system-out>
<![CDATA[
[[ATTACHMENT|test-results\reconciliation-suite--RS-0-e86ae-s-multiple-bundled-products-chromium\attachments\RS-005-result-80628584d9b0c6337edce182578ca2d7bbc48429.json]]

[[ATTACHMENT|test-results\reconciliation-suite--RS-0-e86ae-s-multiple-bundled-products-chromium\video.webm]]

[[ATTACHMENT|test-results\reconciliation-suite--RS-0-e86ae-s-multiple-bundled-products-chromium\trace.zip]]
]]>
</system-out>
</testcase>
<testcase name="[RS-006] @deterministic Only part of deposit intentionally applies to available schedules" classname="reconciliation-suite.spec.ts" time="17.847">
<system-out>
<![CDATA[
[[ATTACHMENT|test-results\reconciliation-suite--RS-0-c098c-lies-to-available-schedules-chromium\attachments\RS-006-result-4c9fdf592bc1946db9b65ea19cd28e2b26b13e52.json]]

[[ATTACHMENT|test-results\reconciliation-suite--RS-0-c098c-lies-to-available-schedules-chromium\video.webm]]

[[ATTACHMENT|test-results\reconciliation-suite--RS-0-c098c-lies-to-available-schedules-chromium\trace.zip]]
]]>
</system-out>
</testcase>
<testcase name="[RS-007] @deterministic Paid commission ties mathematically even if stated % field is informational" classname="reconciliation-suite.spec.ts" time="14.176">
<system-out>
<![CDATA[
[[ATTACHMENT|test-results\reconciliation-suite--RS-0-1f932-ated-field-is-informational-chromium\attachments\RS-007-result-5557d35c910a64bc256ebc70ed672908a25516fa.json]]

[[ATTACHMENT|test-results\reconciliation-suite--RS-0-1f932-ated-field-is-informational-chromium\video.webm]]

[[ATTACHMENT|test-results\reconciliation-suite--RS-0-1f932-ated-field-is-informational-chromium\trace.zip]]
]]>
</system-out>
</testcase>
<testcase name="[RS-008] @deterministic Line item requires penny placement but totals still exact" classname="reconciliation-suite.spec.ts" time="14.028">
<system-out>
<![CDATA[
[[ATTACHMENT|test-results\reconciliation-suite--RS-0-bbbef-ment-but-totals-still-exact-chromium\attachments\RS-008-result-b3569f7c1adaddcc11489e255172755a28e376fa.json]]

[[ATTACHMENT|test-results\reconciliation-suite--RS-0-bbbef-ment-but-totals-still-exact-chromium\video.webm]]

[[ATTACHMENT|test-results\reconciliation-suite--RS-0-bbbef-ment-but-totals-still-exact-chromium\trace.zip]]
]]>
</system-out>
</testcase>
<testcase name="[RS-009] @deterministic Usage higher than expected" classname="reconciliation-suite.spec.ts" time="14.397">
<system-out>
<![CDATA[
[[ATTACHMENT|test-results\reconciliation-suite--RS-0-42ae6--Usage-higher-than-expected-chromium\attachments\RS-009-result-81a551ae5bba14134452d168f3622d9d81460031.json]]

[[ATTACHMENT|test-results\reconciliation-suite--RS-0-42ae6--Usage-higher-than-expected-chromium\video.webm]]

[[ATTACHMENT|test-results\reconciliation-suite--RS-0-42ae6--Usage-higher-than-expected-chromium\trace.zip]]
]]>
</system-out>
</testcase>
<testcase name="[RS-010] @deterministic Usage lower than expected" classname="reconciliation-suite.spec.ts" time="13.921">
<system-out>
<![CDATA[
[[ATTACHMENT|test-results\reconciliation-suite--RS-0-11715-c-Usage-lower-than-expected-chromium\attachments\RS-010-result-b1d9ec2ade4f5569f9dfd02b191a35a3dbd41b7d.json]]

[[ATTACHMENT|test-results\reconciliation-suite--RS-0-11715-c-Usage-lower-than-expected-chromium\video.webm]]

[[ATTACHMENT|test-results\reconciliation-suite--RS-0-11715-c-Usage-lower-than-expected-chromium\trace.zip]]
]]>
</system-out>
</testcase>
<testcase name="[RS-011] @deterministic Usage slightly off but inside admin threshold" classname="reconciliation-suite.spec.ts" time="14.734">
<system-out>
<![CDATA[
[[ATTACHMENT|test-results\reconciliation-suite--RS-0-d63b8--but-inside-admin-threshold-chromium\attachments\RS-011-result-37d4420468ec7a056463b88930e971372fa29d6a.json]]

[[ATTACHMENT|test-results\reconciliation-suite--RS-0-d63b8--but-inside-admin-threshold-chromium\video.webm]]

[[ATTACHMENT|test-results\reconciliation-suite--RS-0-d63b8--but-inside-admin-threshold-chromium\trace.zip]]
]]>
</system-out>
</testcase>
<testcase name="[RS-012] @deterministic Usage off beyond allowed threshold" classname="reconciliation-suite.spec.ts" time="13.831">
<system-out>
<![CDATA[
[[ATTACHMENT|test-results\reconciliation-suite--RS-0-689e2-ff-beyond-allowed-threshold-chromium\attachments\RS-012-result-5dcdf090c05a2943c28b72ee5a8006958010c75e.json]]

[[ATTACHMENT|test-results\reconciliation-suite--RS-0-689e2-ff-beyond-allowed-threshold-chromium\video.webm]]

[[ATTACHMENT|test-results\reconciliation-suite--RS-0-689e2-ff-beyond-allowed-threshold-chromium\trace.zip]]
]]>
</system-out>
</testcase>
<testcase name="[RS-013] @deterministic Deposit reports zero usage where schedule expects usage" classname="reconciliation-suite.spec.ts" time="13.881">
<system-out>
<![CDATA[
[[ATTACHMENT|test-results\reconciliation-suite--RS-0-756cb-here-schedule-expects-usage-chromium\attachments\RS-013-result-0f90e32e127968c7c899d5d12628f5fa09e82f0a.json]]

[[ATTACHMENT|test-results\reconciliation-suite--RS-0-756cb-here-schedule-expects-usage-chromium\video.webm]]

[[ATTACHMENT|test-results\reconciliation-suite--RS-0-756cb-here-schedule-expects-usage-chromium\trace.zip]]
]]>
</system-out>
</testcase>
<testcase name="[RS-014] @deterministic Deposit shows usage before expected schedule amount" classname="reconciliation-suite.spec.ts" time="13.8">
<system-out>
<![CDATA[
[[ATTACHMENT|test-results\reconciliation-suite--RS-0-fe4bc-re-expected-schedule-amount-chromium\attachments\RS-014-result-e3be65a2e59d705115d9192df760889c94a3e9dc.json]]

[[ATTACHMENT|test-results\reconciliation-suite--RS-0-fe4bc-re-expected-schedule-amount-chromium\video.webm]]

[[ATTACHMENT|test-results\reconciliation-suite--RS-0-fe4bc-re-expected-schedule-amount-chromium\trace.zip]]
]]>
</system-out>
</testcase>
<testcase name="[RS-015] @deterministic Negative usage/credit hits existing schedule" classname="reconciliation-suite.spec.ts" time="21.112">
<system-out>
<![CDATA[
[[ATTACHMENT|test-results\reconciliation-suite--RS-0-fd7c0-edit-hits-existing-schedule-chromium\attachments\RS-015-result-3a838bbd82d34b7942d74091a599f5b31c00a30d.json]]

[[ATTACHMENT|test-results\reconciliation-suite--RS-0-fd7c0-edit-hits-existing-schedule-chromium\video.webm]]

[[ATTACHMENT|test-results\reconciliation-suite--RS-0-fd7c0-edit-hits-existing-schedule-chromium\trace.zip]]
]]>
</system-out>
</testcase>
<testcase name="[RS-016] @deterministic Total usage matches but one schedule receives too much" classname="reconciliation-suite.spec.ts" time="21.785">
<system-out>
<![CDATA[
[[ATTACHMENT|test-results\reconciliation-suite--RS-0-dfbe8--schedule-receives-too-much-chromium\attachments\RS-016-result-adebcddd0b8371212f41866e1993960f3bbe52d4.json]]

[[ATTACHMENT|test-results\reconciliation-suite--RS-0-dfbe8--schedule-receives-too-much-chromium\video.webm]]

[[ATTACHMENT|test-results\reconciliation-suite--RS-0-dfbe8--schedule-receives-too-much-chromium\trace.zip]]
]]>
</system-out>
</testcase>
<testcase name="[RS-017] @deterministic Total usage matches but one schedule receives too little" classname="reconciliation-suite.spec.ts" time="21.64">
<system-out>
<![CDATA[
[[ATTACHMENT|test-results\reconciliation-suite--RS-0-b579a-chedule-receives-too-little-chromium\attachments\RS-017-result-53bd414cf726cd3e1ff5087185a085eb22f1b350.json]]

[[ATTACHMENT|test-results\reconciliation-suite--RS-0-b579a-chedule-receives-too-little-chromium\video.webm]]

[[ATTACHMENT|test-results\reconciliation-suite--RS-0-b579a-chedule-receives-too-little-chromium\trace.zip]]
]]>
</system-out>
</testcase>
<testcase name="[RS-018] @deterministic Deposit cannot split evenly across schedules" classname="reconciliation-suite.spec.ts" time="21.487">
<system-out>
<![CDATA[
[[ATTACHMENT|test-results\reconciliation-suite--RS-0-60271-lit-evenly-across-schedules-chromium\attachments\RS-018-result-9fbf9493054be6314039b3d04287a9b4acf26fbd.json]]

[[ATTACHMENT|test-results\reconciliation-suite--RS-0-60271-lit-evenly-across-schedules-chromium\video.webm]]

[[ATTACHMENT|test-results\reconciliation-suite--RS-0-60271-lit-evenly-across-schedules-chromium\trace.zip]]
]]>
</system-out>
</testcase>
<testcase name="[RS-019] @needs-clarification Multiple deposits sum above expected schedule usage" classname="reconciliation-suite.spec.ts" time="21.733">
<system-out>
<![CDATA[
[[ATTACHMENT|test-results\reconciliation-suite--RS-0-629da-ove-expected-schedule-usage-chromium\attachments\RS-019-result-5d6d56e6ce5a457053e1920a9a8c323fa755c227.json]]

[[ATTACHMENT|test-results\reconciliation-suite--RS-0-629da-ove-expected-schedule-usage-chromium\video.webm]]

[[ATTACHMENT|test-results\reconciliation-suite--RS-0-629da-ove-expected-schedule-usage-chromium\trace.zip]]
]]>
</system-out>
</testcase>
<testcase name="[RS-020] @deterministic Multiple deposits sum below expected schedule usage" classname="reconciliation-suite.spec.ts" time="21.493">
<system-out>
<![CDATA[
[[ATTACHMENT|test-results\reconciliation-suite--RS-0-d45c1-low-expected-schedule-usage-chromium\attachments\RS-020-result-a4ef056ac5522ebc24abe096c97c7398dddc91b1.json]]

[[ATTACHMENT|test-results\reconciliation-suite--RS-0-d45c1-low-expected-schedule-usage-chromium\video.webm]]

[[ATTACHMENT|test-results\reconciliation-suite--RS-0-d45c1-low-expected-schedule-usage-chromium\trace.zip]]
]]>
</system-out>
</testcase>
<testcase name="[RS-021] @deterministic Current month usage high due to prior-period true-up" classname="reconciliation-suite.spec.ts" time="13.678">
<system-out>
<![CDATA[
[[ATTACHMENT|test-results\reconciliation-suite--RS-0-e7643-due-to-prior-period-true-up-chromium\attachments\RS-021-result-c259065798f4bd6947ba732161efbe147a3717c9.json]]

[[ATTACHMENT|test-results\reconciliation-suite--RS-0-e7643-due-to-prior-period-true-up-chromium\video.webm]]

[[ATTACHMENT|test-results\reconciliation-suite--RS-0-e7643-due-to-prior-period-true-up-chromium\trace.zip]]
]]>
</system-out>
</testcase>
<testcase name="[RS-022] @deterministic Actual usage differs by pennies from expected rounding" classname="reconciliation-suite.spec.ts" time="14.483">
<system-out>
<![CDATA[
[[ATTACHMENT|test-results\reconciliation-suite--RS-0-5c239-nies-from-expected-rounding-chromium\attachments\RS-022-result-e7038cd41e551bd9f365e2a62ae302233f2a5f7a.json]]

[[ATTACHMENT|test-results\reconciliation-suite--RS-0-5c239-nies-from-expected-rounding-chromium\video.webm]]

[[ATTACHMENT|test-results\reconciliation-suite--RS-0-5c239-nies-from-expected-rounding-chromium\trace.zip]]
]]>
</system-out>
</testcase>
<testcase name="[RS-023] @deterministic Commission paid higher than expected while usage is exact" classname="reconciliation-suite.spec.ts" time="14.507">
<system-out>
<![CDATA[
[[ATTACHMENT|test-results\reconciliation-suite--RS-0-34a2b-pected-while-usage-is-exact-chromium\attachments\RS-023-result-350b9cc4f8f6c7fa4b59eb7159d743bbff177a85.json]]

[[ATTACHMENT|test-results\reconciliation-suite--RS-0-34a2b-pected-while-usage-is-exact-chromium\video.webm]]

[[ATTACHMENT|test-results\reconciliation-suite--RS-0-34a2b-pected-while-usage-is-exact-chromium\trace.zip]]
]]>
</system-out>
</testcase>
<testcase name="[RS-024] @deterministic Commission paid lower than expected while usage is exact" classname="reconciliation-suite.spec.ts" time="15.827">
<system-out>
<![CDATA[
[[ATTACHMENT|test-results\reconciliation-suite--RS-0-4a890-pected-while-usage-is-exact-chromium\attachments\RS-024-result-aba250513e594b79fd72fad34d5165bcaad3acd0.json]]

[[ATTACHMENT|test-results\reconciliation-suite--RS-0-4a890-pected-while-usage-is-exact-chromium\video.webm]]

[[ATTACHMENT|test-results\reconciliation-suite--RS-0-4a890-pected-while-usage-is-exact-chromium\trace.zip]]
]]>
</system-out>
</testcase>
<testcase name="[RS-025] @deterministic Commission amount matches even though usage does not" classname="reconciliation-suite.spec.ts" time="13.955">
<system-out>
<![CDATA[
[[ATTACHMENT|test-results\reconciliation-suite--RS-0-cc096--even-though-usage-does-not-chromium\attachments\RS-025-result-b0b7ec46b059830e7c5830b769b324ff0ddd9654.json]]

[[ATTACHMENT|test-results\reconciliation-suite--RS-0-cc096--even-though-usage-does-not-chromium\video.webm]]

[[ATTACHMENT|test-results\reconciliation-suite--RS-0-cc096--even-though-usage-does-not-chromium\trace.zip]]
]]>
</system-out>
</testcase>
<testcase name="[RS-026] @deterministic Carrier billed usage but paid no commission" classname="reconciliation-suite.spec.ts" time="18.184">
<system-out>
<![CDATA[
[[ATTACHMENT|test-results\reconciliation-suite--RS-0-ba9df-sage-but-paid-no-commission-chromium\attachments\RS-026-result-366af2e4e5c13e4af02af0766e55f8efa1d76df8.json]]

[[ATTACHMENT|test-results\reconciliation-suite--RS-0-ba9df-sage-but-paid-no-commission-chromium\video.webm]]

[[ATTACHMENT|test-results\reconciliation-suite--RS-0-ba9df-sage-but-paid-no-commission-chromium\trace.zip]]
]]>
</system-out>
</testcase>
<testcase name="[RS-027] @deterministic Commission paid despite zero reported usage" classname="reconciliation-suite.spec.ts" time="21.684">
<system-out>
<![CDATA[
[[ATTACHMENT|test-results\reconciliation-suite--RS-0-1b78a-despite-zero-reported-usage-chromium\attachments\RS-027-result-236f26f6f27271911a5c4f76b00f0bc253f364bd.json]]

[[ATTACHMENT|test-results\reconciliation-suite--RS-0-1b78a-despite-zero-reported-usage-chromium\video.webm]]

[[ATTACHMENT|test-results\reconciliation-suite--RS-0-1b78a-despite-zero-reported-usage-chromium\trace.zip]]
]]>
</system-out>
</testcase>
<testcase name="[RS-028] @deterministic Carrier claws back previously paid commission" classname="reconciliation-suite.spec.ts" time="14.041">
<system-out>
<![CDATA[
[[ATTACHMENT|test-results\reconciliation-suite--RS-0-14c2c--previously-paid-commission-chromium\attachments\RS-028-result-af3dab7c9446da85fa1a65ba852ec9dc6901e25a.json]]

[[ATTACHMENT|test-results\reconciliation-suite--RS-0-14c2c--previously-paid-commission-chromium\video.webm]]

[[ATTACHMENT|test-results\reconciliation-suite--RS-0-14c2c--previously-paid-commission-chromium\trace.zip]]
]]>
</system-out>
</testcase>
<testcase name="[RS-029] @deterministic Total commission correct but schedule split wrong" classname="reconciliation-suite.spec.ts" time="26.374">
<system-out>
<![CDATA[
[[ATTACHMENT|test-results\reconciliation-suite--RS-0-b855f-ct-but-schedule-split-wrong-chromium\attachments\RS-029-result-bb97e36427ee32f17b214c8ad0d5401208335809.json]]

[[ATTACHMENT|test-results\reconciliation-suite--RS-0-b855f-ct-but-schedule-split-wrong-chromium\video.webm]]

[[ATTACHMENT|test-results\reconciliation-suite--RS-0-b855f-ct-but-schedule-split-wrong-chromium\trace.zip]]
]]>
</system-out>
</testcase>
<testcase name="[RS-030] @deterministic Multiple deposit lines sum to too much commission" classname="reconciliation-suite.spec.ts" time="9.529">
<system-out>
<![CDATA[
[[ATTACHMENT|test-results\reconciliation-suite--RS-0-4b0b5--sum-to-too-much-commission-chromium\attachments\RS-030-result-dcc6ac6eebfcaa05af9fec78df7dd7fae34ee723.json]]

[[ATTACHMENT|test-results\reconciliation-suite--RS-0-4b0b5--sum-to-too-much-commission-chromium\video.webm]]

[[ATTACHMENT|test-results\reconciliation-suite--RS-0-4b0b5--sum-to-too-much-commission-chromium\trace.zip]]
]]>
</system-out>
</testcase>
<testcase name="[RS-031] @deterministic Multiple deposit lines sum to too little commission" classname="reconciliation-suite.spec.ts" time="9.175">
<system-out>
<![CDATA[
[[ATTACHMENT|test-results\reconciliation-suite--RS-0-596f6-um-to-too-little-commission-chromium\attachments\RS-031-result-daa30966c3de62d2a361ec44cd774960a50f6318.json]]

[[ATTACHMENT|test-results\reconciliation-suite--RS-0-596f6-um-to-too-little-commission-chromium\video.webm]]

[[ATTACHMENT|test-results\reconciliation-suite--RS-0-596f6-um-to-too-little-commission-chromium\trace.zip]]
]]>
</system-out>
</testcase>
<testcase name="[RS-032] @deterministic Special payout creates extra commission dollars" classname="reconciliation-suite.spec.ts" time="14.412">
<system-out>
<![CDATA[
[[ATTACHMENT|test-results\reconciliation-suite--RS-0-aec9f-es-extra-commission-dollars-chromium\attachments\RS-032-result-c236e6aa6c49917e6bc1eb4e1c914ec87b051404.json]]

[[ATTACHMENT|test-results\reconciliation-suite--RS-0-aec9f-es-extra-commission-dollars-chromium\video.webm]]

[[ATTACHMENT|test-results\reconciliation-suite--RS-0-aec9f-es-extra-commission-dollars-chromium\trace.zip]]
]]>
</system-out>
</testcase>
<testcase name="[RS-033] @deterministic Current commission includes prior recovery amount" classname="reconciliation-suite.spec.ts" time="14.194">
<system-out>
<![CDATA[
[[ATTACHMENT|test-results\reconciliation-suite--RS-0-46600-ludes-prior-recovery-amount-chromium\attachments\RS-033-result-f5a1284741cf183320520db83f7c5717bb1ef690.json]]

[[ATTACHMENT|test-results\reconciliation-suite--RS-0-46600-ludes-prior-recovery-amount-chromium\video.webm]]

[[ATTACHMENT|test-results\reconciliation-suite--RS-0-46600-ludes-prior-recovery-amount-chromium\trace.zip]]
]]>
</system-out>
</testcase>
<testcase name="[RS-034] @deterministic Actual rate lower than expected" classname="reconciliation-suite.spec.ts" time="13.938">
<system-out>
<![CDATA[
[[ATTACHMENT|test-results\reconciliation-suite--RS-0-ceb2c-al-rate-lower-than-expected-chromium\attachments\RS-034-result-7f761c3b97f2510ff9f44c7868b657c0fbe48bcc.json]]

[[ATTACHMENT|test-results\reconciliation-suite--RS-0-ceb2c-al-rate-lower-than-expected-chromium\video.webm]]

[[ATTACHMENT|test-results\reconciliation-suite--RS-0-ceb2c-al-rate-lower-than-expected-chromium\trace.zip]]
]]>
</system-out>
</testcase>
<testcase name="[RS-035] @deterministic Actual rate higher than expected" classname="reconciliation-suite.spec.ts" time="14.898">
<system-out>
<![CDATA[
[[ATTACHMENT|test-results\reconciliation-suite--RS-0-e6b5f-l-rate-higher-than-expected-chromium\attachments\RS-035-result-a0ef65f0a51638d65bc822a284b538e8bf066314.json]]

[[ATTACHMENT|test-results\reconciliation-suite--RS-0-e6b5f-l-rate-higher-than-expected-chromium\video.webm]]

[[ATTACHMENT|test-results\reconciliation-suite--RS-0-e6b5f-l-rate-higher-than-expected-chromium\trace.zip]]
]]>
</system-out>
</testcase>
<testcase name="[RS-036] @deterministic Classic lower-rate mismatch" classname="reconciliation-suite.spec.ts" time="13.989">
<system-out>
<![CDATA[
[[ATTACHMENT|test-results\reconciliation-suite--RS-0-6b5c3-Classic-lower-rate-mismatch-chromium\attachments\RS-036-result-882650cdd538a248fe6f286d378503374ef90229.json]]

[[ATTACHMENT|test-results\reconciliation-suite--RS-0-6b5c3-Classic-lower-rate-mismatch-chromium\video.webm]]

[[ATTACHMENT|test-results\reconciliation-suite--RS-0-6b5c3-Classic-lower-rate-mismatch-chromium\trace.zip]]
]]>
</system-out>
</testcase>
<testcase name="[RS-037] @deterministic Classic higher-rate mismatch" classname="reconciliation-suite.spec.ts" time="14.488">
<system-out>
<![CDATA[
[[ATTACHMENT|test-results\reconciliation-suite--RS-0-6c5bc-lassic-higher-rate-mismatch-chromium\attachments\RS-037-result-73a106612575cde6f13634c466de038000b01568.json]]

[[ATTACHMENT|test-results\reconciliation-suite--RS-0-6c5bc-lassic-higher-rate-mismatch-chromium\video.webm]]

[[ATTACHMENT|test-results\reconciliation-suite--RS-0-6c5bc-lassic-higher-rate-mismatch-chromium\trace.zip]]
]]>
</system-out>
</testcase>
<testcase name="[RS-038] @deterministic Derived rate disagrees with stored expected rate but paid dollars are internally consistent" classname="reconciliation-suite.spec.ts" time="14.268">
<system-out>
<![CDATA[
[[ATTACHMENT|test-results\reconciliation-suite--RS-0-e36c3-s-are-internally-consistent-chromium\attachments\RS-038-result-61423088f1284bb2a4c51601c9003036c17ce49a.json]]

[[ATTACHMENT|test-results\reconciliation-suite--RS-0-e36c3-s-are-internally-consistent-chromium\video.webm]]

[[ATTACHMENT|test-results\reconciliation-suite--RS-0-e36c3-s-are-internally-consistent-chromium\trace.zip]]
]]>
</system-out>
</testcase>
<testcase name="[RS-039] @deterministic Carrier-provided rate field does not equal actual commission/usage math" classname="reconciliation-suite.spec.ts" time="14.288">
<system-out>
<![CDATA[
[[ATTACHMENT|test-results\reconciliation-suite--RS-0-0c318-ctual-commission-usage-math-chromium\attachments\RS-039-result-dd60636c5b1eefad5cdec5c9c76b949a02e4d3e1.json]]

[[ATTACHMENT|test-results\reconciliation-suite--RS-0-0c318-ctual-commission-usage-math-chromium\video.webm]]

[[ATTACHMENT|test-results\reconciliation-suite--RS-0-0c318-ctual-commission-usage-math-chromium\trace.zip]]
]]>
</system-out>
</testcase>
<testcase name="[RS-040] @deterministic Actual rate changes and should apply forward" classname="reconciliation-suite.spec.ts" time="14.161">
<system-out>
<![CDATA[
[[ATTACHMENT|test-results\reconciliation-suite--RS-0-8c6ab-es-and-should-apply-forward-chromium\attachments\RS-040-result-2d8e33de3c2721df69156ba719d03a77f6dccdeb.json]]

[[ATTACHMENT|test-results\reconciliation-suite--RS-0-8c6ab-es-and-should-apply-forward-chromium\video.webm]]

[[ATTACHMENT|test-results\reconciliation-suite--RS-0-8c6ab-es-and-should-apply-forward-chromium\trace.zip]]
]]>
</system-out>
</testcase>
<testcase name="[RS-041] @deterministic Actual rate differs for a single schedule only" classname="reconciliation-suite.spec.ts" time="13.947">
<system-out>
<![CDATA[
[[ATTACHMENT|test-results\reconciliation-suite--RS-0-12e59--for-a-single-schedule-only-chromium\attachments\RS-041-result-217bb330b06573d339e953ad24eb51fa4a939b06.json]]

[[ATTACHMENT|test-results\reconciliation-suite--RS-0-12e59--for-a-single-schedule-only-chromium\video.webm]]

[[ATTACHMENT|test-results\reconciliation-suite--RS-0-12e59--for-a-single-schedule-only-chromium\trace.zip]]
]]>
</system-out>
</testcase>
<testcase name="[RS-042] @deterministic One deposit line spans schedules with different expected rates" classname="reconciliation-suite.spec.ts" time="22.461">
<system-out>
<![CDATA[
[[ATTACHMENT|test-results\reconciliation-suite--RS-0-8c075-th-different-expected-rates-chromium\attachments\RS-042-result-a25d9f2ce3beda0ce3fd62b12f3304f9b1df6003.json]]

[[ATTACHMENT|test-results\reconciliation-suite--RS-0-8c075-th-different-expected-rates-chromium\video.webm]]

[[ATTACHMENT|test-results\reconciliation-suite--RS-0-8c075-th-different-expected-rates-chromium\trace.zip]]
]]>
</system-out>
</testcase>
<testcase name="[RS-043] @deterministic Multiple deposit lines create weighted actual rate different from expected" classname="reconciliation-suite.spec.ts" time="22.442">
<system-out>
<![CDATA[
[[ATTACHMENT|test-results\reconciliation-suite--RS-0-e808c-ate-different-from-expected-chromium\attachments\RS-043-result-d44a30fd8cbe23428102edeefb7a448201a71a16.json]]

[[ATTACHMENT|test-results\reconciliation-suite--RS-0-e808c-ate-different-from-expected-chromium\video.webm]]

[[ATTACHMENT|test-results\reconciliation-suite--RS-0-e808c-ate-different-from-expected-chromium\trace.zip]]
]]>
</system-out>
</testcase>
<testcase name="[RS-044] @deterministic Carrier pays no commission rate on active bill" classname="reconciliation-suite.spec.ts" time="14.401">
<system-out>
<![CDATA[
[[ATTACHMENT|test-results\reconciliation-suite--RS-0-2c645-mission-rate-on-active-bill-chromium\attachments\RS-044-result-b775ab433a2155abb51b35e12353391ed4ba365b.json]]

[[ATTACHMENT|test-results\reconciliation-suite--RS-0-2c645-mission-rate-on-active-bill-chromium\video.webm]]

[[ATTACHMENT|test-results\reconciliation-suite--RS-0-2c645-mission-rate-on-active-bill-chromium\trace.zip]]
]]>
</system-out>
</testcase>
<testcase name="[RS-045] @deterministic Derived actual rate materially above expected norms" classname="reconciliation-suite.spec.ts" time="14.676">
<system-out>
<![CDATA[
[[ATTACHMENT|test-results\reconciliation-suite--RS-0-c6913-rially-above-expected-norms-chromium\attachments\RS-045-result-bbfd5e88ad227b655fe7080d1c7052b965b50aaf.json]]

[[ATTACHMENT|test-results\reconciliation-suite--RS-0-c6913-rially-above-expected-norms-chromium\video.webm]]

[[ATTACHMENT|test-results\reconciliation-suite--RS-0-c6913-rially-above-expected-norms-chromium\trace.zip]]
]]>
</system-out>
</testcase>
<testcase name="[RS-046] @deterministic Usage lower and rate different" classname="reconciliation-suite.spec.ts" time="14.095">
<system-out>
<![CDATA[
[[ATTACHMENT|test-results\reconciliation-suite--RS-0-c6f9b-ge-lower-and-rate-different-chromium\attachments\RS-046-result-bd5e8af0d5665f2b242a9d7a15bd8bb5d069c58b.json]]

[[ATTACHMENT|test-results\reconciliation-suite--RS-0-c6f9b-ge-lower-and-rate-different-chromium\video.webm]]

[[ATTACHMENT|test-results\reconciliation-suite--RS-0-c6f9b-ge-lower-and-rate-different-chromium\trace.zip]]
]]>
</system-out>
</testcase>
<testcase name="[RS-047] @deterministic Usage higher and rate different" classname="reconciliation-suite.spec.ts" time="14.593">
<system-out>
<![CDATA[
[[ATTACHMENT|test-results\reconciliation-suite--RS-0-14bc2-e-higher-and-rate-different-chromium\attachments\RS-047-result-aadd7bed927efa4024f11149be0439b87552ad64.json]]

[[ATTACHMENT|test-results\reconciliation-suite--RS-0-14bc2-e-higher-and-rate-different-chromium\video.webm]]

[[ATTACHMENT|test-results\reconciliation-suite--RS-0-14bc2-e-higher-and-rate-different-chromium\trace.zip]]
]]>
</system-out>
</testcase>
<testcase name="[RS-048] @deterministic Usage exact but paid commission not supported by expected or derived rate" classname="reconciliation-suite.spec.ts" time="14.785">
<system-out>
<![CDATA[
[[ATTACHMENT|test-results\reconciliation-suite--RS-0-e7ab4-by-expected-or-derived-rate-chromium\attachments\RS-048-result-beae4c117316492ec6ea823ffb6711b9ad9c310f.json]]

[[ATTACHMENT|test-results\reconciliation-suite--RS-0-e7ab4-by-expected-or-derived-rate-chromium\video.webm]]

[[ATTACHMENT|test-results\reconciliation-suite--RS-0-e7ab4-by-expected-or-derived-rate-chromium\trace.zip]]
]]>
</system-out>
</testcase>
<testcase name="[RS-049] @deterministic Paid commission ties to deposit math, but not to schedule expectation" classname="reconciliation-suite.spec.ts" time="15.666">
<system-out>
<![CDATA[
[[ATTACHMENT|test-results\reconciliation-suite--RS-0-46299-not-to-schedule-expectation-chromium\attachments\RS-049-result-99a38e22c8bf93e4410e95c32192334fe5d6a408.json]]

[[ATTACHMENT|test-results\reconciliation-suite--RS-0-46299-not-to-schedule-expectation-chromium\video.webm]]

[[ATTACHMENT|test-results\reconciliation-suite--RS-0-46299-not-to-schedule-expectation-chromium\trace.zip]]
]]>
</system-out>
</testcase>
<testcase name="[RS-050] @deterministic Usage, rate, and commission all inconsistent" classname="reconciliation-suite.spec.ts" time="13.935">
<system-out>
<![CDATA[
[[ATTACHMENT|test-results\reconciliation-suite--RS-0-1188f-commission-all-inconsistent-chromium\attachments\RS-050-result-d81cafb5f11cdba7f21e8558bae4b0fbd5f531bd.json]]

[[ATTACHMENT|test-results\reconciliation-suite--RS-0-1188f-commission-all-inconsistent-chromium\video.webm]]

[[ATTACHMENT|test-results\reconciliation-suite--RS-0-1188f-commission-all-inconsistent-chromium\trace.zip]]
]]>
</system-out>
</testcase>
<testcase name="[RS-051] @deterministic Usage and commission both misallocated across multiple schedules" classname="reconciliation-suite.spec.ts" time="21.929">
<system-out>
<![CDATA[
[[ATTACHMENT|test-results\reconciliation-suite--RS-0-6b95f-d-across-multiple-schedules-chromium\attachments\RS-051-result-3f86390d8b9bb4d1935ac69c91eb095173e78185.json]]

[[ATTACHMENT|test-results\reconciliation-suite--RS-0-6b95f-d-across-multiple-schedules-chromium\video.webm]]

[[ATTACHMENT|test-results\reconciliation-suite--RS-0-6b95f-d-across-multiple-schedules-chromium\trace.zip]]
]]>
</system-out>
</testcase>
<testcase name="[RS-052] @needs-clarification Some deposit lines align, others conflict against one schedule" classname="reconciliation-suite.spec.ts" time="21.663">
<system-out>
<![CDATA[
[[ATTACHMENT|test-results\reconciliation-suite--RS-0-26b7f-nflict-against-one-schedule-chromium\attachments\RS-052-result-7633956f99fb1ae197615d06d03caa79048b8456.json]]

[[ATTACHMENT|test-results\reconciliation-suite--RS-0-26b7f-nflict-against-one-schedule-chromium\video.webm]]

[[ATTACHMENT|test-results\reconciliation-suite--RS-0-26b7f-nflict-against-one-schedule-chromium\trace.zip]]
]]>
</system-out>
</testcase>
<testcase name="[RS-053] @deterministic Part of deposit reconciles exactly and remainder carries variance" classname="reconciliation-suite.spec.ts" time="13.915">
<system-out>
<![CDATA[
[[ATTACHMENT|test-results\reconciliation-suite--RS-0-c94ec--remainder-carries-variance-chromium\attachments\RS-053-result-38f9ebe7db8019880174fb31de8d51531d96d417.json]]

[[ATTACHMENT|test-results\reconciliation-suite--RS-0-c94ec--remainder-carries-variance-chromium\video.webm]]

[[ATTACHMENT|test-results\reconciliation-suite--RS-0-c94ec--remainder-carries-variance-chromium\trace.zip]]
]]>
</system-out>
</testcase>
<testcase name="[RS-054] @deterministic Opposing signals create abnormal effective rate" classname="reconciliation-suite.spec.ts" time="13.979">
<system-out>
<![CDATA[
[[ATTACHMENT|test-results\reconciliation-suite--RS-0-9e690-ate-abnormal-effective-rate-chromium\attachments\RS-054-result-f121679945f1e939be223d351782d1db0f3a4413.json]]

[[ATTACHMENT|test-results\reconciliation-suite--RS-0-9e690-ate-abnormal-effective-rate-chromium\video.webm]]

[[ATTACHMENT|test-results\reconciliation-suite--RS-0-9e690-ate-abnormal-effective-rate-chromium\trace.zip]]
]]>
</system-out>
</testcase>
<testcase name="[RS-055] @deterministic Higher bill with lower paid commission" classname="reconciliation-suite.spec.ts" time="14.52">
<system-out>
<![CDATA[
[[ATTACHMENT|test-results\reconciliation-suite--RS-0-a1676--with-lower-paid-commission-chromium\attachments\RS-055-result-570d46d1310db6bb6c982832a8711a94707947ee.json]]

[[ATTACHMENT|test-results\reconciliation-suite--RS-0-a1676--with-lower-paid-commission-chromium\video.webm]]

[[ATTACHMENT|test-results\reconciliation-suite--RS-0-a1676--with-lower-paid-commission-chromium\trace.zip]]
]]>
</system-out>
</testcase>
<testcase name="[RS-056] @ui-review Distributor and vendor match but secondary metadata sparse" classname="reconciliation-suite.spec.ts" time="6.631">
<system-out>
<![CDATA[
[[ATTACHMENT|test-results\reconciliation-suite--RS-0-1237e-t-secondary-metadata-sparse-chromium\attachments\RS-056-result-36ed128d168518455dc4bd937a2ec567899ed7a0.json]]

[[ATTACHMENT|test-results\reconciliation-suite--RS-0-1237e-t-secondary-metadata-sparse-chromium\video.webm]]

[[ATTACHMENT|test-results\reconciliation-suite--RS-0-1237e-t-secondary-metadata-sparse-chromium\trace.zip]]
]]>
</system-out>
</testcase>
<testcase name="[RS-057] @ui-review Primary fields match but one secondary ID differs" classname="reconciliation-suite.spec.ts" time="6.678">
<system-out>
<![CDATA[
[[ATTACHMENT|test-results\reconciliation-suite--RS-0-82475-ut-one-secondary-ID-differs-chromium\attachments\RS-057-result-649370c6ea0acf2b70e6b14755447c8fb91af956.json]]

[[ATTACHMENT|test-results\reconciliation-suite--RS-0-82475-ut-one-secondary-ID-differs-chromium\video.webm]]

[[ATTACHMENT|test-results\reconciliation-suite--RS-0-82475-ut-one-secondary-ID-differs-chromium\trace.zip]]
]]>
</system-out>
</testcase>
<testcase name="[RS-058] @ui-review Standard fields weak, Additional Information field confirms schedule" classname="reconciliation-suite.spec.ts" time="6.666">
<system-out>
<![CDATA[
[[ATTACHMENT|test-results\reconciliation-suite--RS-0-a2160-ion-field-confirms-schedule-chromium\attachments\RS-058-result-6c4045ca2781d76160ec252508fcf22ef4c17dc2.json]]

[[ATTACHMENT|test-results\reconciliation-suite--RS-0-a2160-ion-field-confirms-schedule-chromium\video.webm]]

[[ATTACHMENT|test-results\reconciliation-suite--RS-0-a2160-ion-field-confirms-schedule-chromium\trace.zip]]
]]>
</system-out>
</testcase>
<testcase name="[RS-059] @ui-review Names differ but stronger IDs align" classname="reconciliation-suite.spec.ts" time="6.663">
<system-out>
<![CDATA[
[[ATTACHMENT|test-results\reconciliation-suite--RS-0-41346-ffer-but-stronger-IDs-align-chromium\attachments\RS-059-result-9e0afc75e1054f821bbc16b38efd0b3d1019aad0.json]]

[[ATTACHMENT|test-results\reconciliation-suite--RS-0-41346-ffer-but-stronger-IDs-align-chromium\video.webm]]

[[ATTACHMENT|test-results\reconciliation-suite--RS-0-41346-ffer-but-stronger-IDs-align-chromium\trace.zip]]
]]>
</system-out>
</testcase>
<testcase name="[RS-060] @ui-review Friendly account name differs while IDs align" classname="reconciliation-suite.spec.ts" time="6.623">
<system-out>
<![CDATA[
[[ATTACHMENT|test-results\reconciliation-suite--RS-0-a074d-ame-differs-while-IDs-align-chromium\attachments\RS-060-result-d0911e505e81421e436c03709e00b16d1e39c6d8.json]]

[[ATTACHMENT|test-results\reconciliation-suite--RS-0-a074d-ame-differs-while-IDs-align-chromium\video.webm]]

[[ATTACHMENT|test-results\reconciliation-suite--RS-0-a074d-ame-differs-while-IDs-align-chromium\trace.zip]]
]]>
</system-out>
</testcase>
<testcase name="[RS-061] @ui-review Product naming differs between carrier and schedule" classname="reconciliation-suite.spec.ts" time="6.64">
<system-out>
<![CDATA[
[[ATTACHMENT|test-results\reconciliation-suite--RS-0-d9cae-etween-carrier-and-schedule-chromium\attachments\RS-061-result-fd5fa91793969e31fb2dcd751d5b5f41a93a8a5d.json]]

[[ATTACHMENT|test-results\reconciliation-suite--RS-0-d9cae-etween-carrier-and-schedule-chromium\video.webm]]

[[ATTACHMENT|test-results\reconciliation-suite--RS-0-d9cae-etween-carrier-and-schedule-chromium\trace.zip]]
]]>
</system-out>
</testcase>
<testcase name="[RS-062] @ui-review Service ID absent on deposit but other metadata supports match" classname="reconciliation-suite.spec.ts" time="6.681">
<system-out>
<![CDATA[
[[ATTACHMENT|test-results\reconciliation-suite--RS-0-8a531-her-metadata-supports-match-chromium\attachments\RS-062-result-8450bd7a5e971927a30f582a220e7e4a711b0e94.json]]

[[ATTACHMENT|test-results\reconciliation-suite--RS-0-8a531-her-metadata-supports-match-chromium\video.webm]]

[[ATTACHMENT|test-results\reconciliation-suite--RS-0-8a531-her-metadata-supports-match-chromium\trace.zip]]
]]>
</system-out>
</testcase>
<testcase name="[RS-063] @ui-review Location missing but customer/order data aligns" classname="reconciliation-suite.spec.ts" time="6.622">
<system-out>
<![CDATA[
[[ATTACHMENT|test-results\reconciliation-suite--RS-0-8864c--customer-order-data-aligns-chromium\attachments\RS-063-result-f437ee11e4894819af0366a477c6cf334537b811.json]]

[[ATTACHMENT|test-results\reconciliation-suite--RS-0-8864c--customer-order-data-aligns-chromium\video.webm]]

[[ATTACHMENT|test-results\reconciliation-suite--RS-0-8864c--customer-order-data-aligns-chromium\trace.zip]]
]]>
</system-out>
</testcase>
<testcase name="[RS-064] @ui-review Other order ID absent but service and account align" classname="reconciliation-suite.spec.ts" time="6.664">
<system-out>
<![CDATA[
[[ATTACHMENT|test-results\reconciliation-suite--RS-0-3272a-t-service-and-account-align-chromium\attachments\RS-064-result-954104e44c80f55ae8119cbe0edad9229ac7546a.json]]

[[ATTACHMENT|test-results\reconciliation-suite--RS-0-3272a-t-service-and-account-align-chromium\video.webm]]

[[ATTACHMENT|test-results\reconciliation-suite--RS-0-3272a-t-service-and-account-align-chromium\trace.zip]]
]]>
</system-out>
</testcase>
<testcase name="[RS-065] @ui-review Customer ID absent from schedule/deposit pair" classname="reconciliation-suite.spec.ts" time="6.618">
<system-out>
<![CDATA[
[[ATTACHMENT|test-results\reconciliation-suite--RS-0-35459--from-schedule-deposit-pair-chromium\attachments\RS-065-result-e142a8ab2421b881438af8b10d6bd8cf06bf1f64.json]]

[[ATTACHMENT|test-results\reconciliation-suite--RS-0-35459--from-schedule-deposit-pair-chromium\video.webm]]

[[ATTACHMENT|test-results\reconciliation-suite--RS-0-35459--from-schedule-deposit-pair-chromium\trace.zip]]
]]>
</system-out>
</testcase>
<testcase name="[RS-066] @ui-review Custom metadata mostly aligns with one conflicting value" classname="reconciliation-suite.spec.ts" time="6.603">
<system-out>
<![CDATA[
[[ATTACHMENT|test-results\reconciliation-suite--RS-0-f5672--with-one-conflicting-value-chromium\attachments\RS-066-result-81e4b205d8db3204f915939d58893ff8c6db3d9b.json]]

[[ATTACHMENT|test-results\reconciliation-suite--RS-0-f5672--with-one-conflicting-value-chromium\video.webm]]

[[ATTACHMENT|test-results\reconciliation-suite--RS-0-f5672--with-one-conflicting-value-chromium\trace.zip]]
]]>
</system-out>
</testcase>
<testcase name="[RS-067] @ui-review Only primary fields plus dollar pattern make sense" classname="reconciliation-suite.spec.ts" time="6.605">
<system-out>
<![CDATA[
[[ATTACHMENT|test-results\reconciliation-suite--RS-0-78c51-s-dollar-pattern-make-sense-chromium\attachments\RS-067-result-ba2417397a906530b92b2962f607c9052918c5e0.json]]

[[ATTACHMENT|test-results\reconciliation-suite--RS-0-78c51-s-dollar-pattern-make-sense-chromium\video.webm]]

[[ATTACHMENT|test-results\reconciliation-suite--RS-0-78c51-s-dollar-pattern-make-sense-chromium\trace.zip]]
]]>
</system-out>
</testcase>
<testcase name="[RS-068] @ui-review Deposit could map to more than one valid schedule set" classname="reconciliation-suite.spec.ts" time="6.918">
<system-out>
<![CDATA[
[[ATTACHMENT|test-results\reconciliation-suite--RS-0-dc44d-than-one-valid-schedule-set-chromium\attachments\RS-068-result-bd47b4ca470bd92b082d32c417e13923fae2c1e3.json]]

[[ATTACHMENT|test-results\reconciliation-suite--RS-0-dc44d-than-one-valid-schedule-set-chromium\video.webm]]

[[ATTACHMENT|test-results\reconciliation-suite--RS-0-dc44d-than-one-valid-schedule-set-chromium\trace.zip]]
]]>
</system-out>
</testcase>
<testcase name="[RS-069] @ui-review Two schedules look almost identical for same deposit line" classname="reconciliation-suite.spec.ts" time="7.251">
<system-out>
<![CDATA[
[[ATTACHMENT|test-results\reconciliation-suite--RS-0-4fec4-tical-for-same-deposit-line-chromium\attachments\RS-069-result-b871556524635f333eb44d1a19ce9adb020f2253.json]]

[[ATTACHMENT|test-results\reconciliation-suite--RS-0-4fec4-tical-for-same-deposit-line-chromium\video.webm]]

[[ATTACHMENT|test-results\reconciliation-suite--RS-0-4fec4-tical-for-same-deposit-line-chromium\trace.zip]]
]]>
</system-out>
</testcase>
<testcase name="[RS-070] @ui-review Part of deposit cannot be assigned after best match" classname="reconciliation-suite.spec.ts" time="13.939">
<system-out>
<![CDATA[
[[ATTACHMENT|test-results\reconciliation-suite--RS-0-7a919-e-assigned-after-best-match-chromium\attachments\RS-070-result-42c9b116baa85f810927eea7d0a61d125462c7b8.json]]

[[ATTACHMENT|test-results\reconciliation-suite--RS-0-7a919-e-assigned-after-best-match-chromium\video.webm]]

[[ATTACHMENT|test-results\reconciliation-suite--RS-0-7a919-e-assigned-after-best-match-chromium\trace.zip]]
]]>
</system-out>
</testcase>
<testcase name="[RS-071] @ui-review Applying deposit across schedules would exceed received totals" classname="reconciliation-suite.spec.ts" time="21.592">
<system-out>
<![CDATA[
[[ATTACHMENT|test-results\reconciliation-suite--RS-0-1aa89-ould-exceed-received-totals-chromium\attachments\RS-071-result-2498cdb4e294b7d120e3eab718e289abccdd3006.json]]

[[ATTACHMENT|test-results\reconciliation-suite--RS-0-1aa89-ould-exceed-received-totals-chromium\video.webm]]

[[ATTACHMENT|test-results\reconciliation-suite--RS-0-1aa89-ould-exceed-received-totals-chromium\trace.zip]]
]]>
</system-out>
</testcase>
<testcase name="[RS-072] @needs-clarification Not all deposit lines needed but some still selected" classname="reconciliation-suite.spec.ts" time="22.261">
<system-out>
<![CDATA[
[[ATTACHMENT|test-results\reconciliation-suite--RS-0-2f41e-ded-but-some-still-selected-chromium\attachments\RS-072-result-3bb295dba76aaed71f85043b51245b7a50187d10.json]]

[[ATTACHMENT|test-results\reconciliation-suite--RS-0-2f41e-ded-but-some-still-selected-chromium\video.webm]]

[[ATTACHMENT|test-results\reconciliation-suite--RS-0-2f41e-ded-but-some-still-selected-chromium\trace.zip]]
]]>
</system-out>
</testcase>
<testcase name="[RS-073] @ui-review No schedules satisfy metadata and amount expectations" classname="reconciliation-suite.spec.ts" time="7.678">
<system-out>
<![CDATA[
[[ATTACHMENT|test-results\reconciliation-suite--RS-0-d1a24-ata-and-amount-expectations-chromium\attachments\RS-073-result-076a4df94b0959bf451f64c758177ad6ac8268d5.json]]

[[ATTACHMENT|test-results\reconciliation-suite--RS-0-d1a24-ata-and-amount-expectations-chromium\video.webm]]

[[ATTACHMENT|test-results\reconciliation-suite--RS-0-d1a24-ata-and-amount-expectations-chromium\trace.zip]]
]]>
</system-out>
</testcase>
<testcase name="[RS-074] @ui-review Bundle deposit appears but only some products exist as schedules" classname="reconciliation-suite.spec.ts" time="23.029">
<system-out>
<![CDATA[
[[ATTACHMENT|test-results\reconciliation-suite--RS-0-b4c1f-products-exist-as-schedules-chromium\attachments\RS-074-result-6bafb49d3f69322f7fcbdb9882bf3e5659f300ad.json]]

[[ATTACHMENT|test-results\reconciliation-suite--RS-0-b4c1f-products-exist-as-schedules-chromium\video.webm]]

[[ATTACHMENT|test-results\reconciliation-suite--RS-0-b4c1f-products-exist-as-schedules-chromium\trace.zip]]
]]>
</system-out>
</testcase>
<testcase name="[RS-075] @needs-clarification Multiple lines appear to belong to one opp but different products" classname="reconciliation-suite.spec.ts" time="22.176">
<system-out>
<![CDATA[
[[ATTACHMENT|test-results\reconciliation-suite--RS-0-dd7a3--opp-but-different-products-chromium\attachments\RS-075-result-e31ada1bc9a5b41f049da21cef29871d51d6f9b2.json]]

[[ATTACHMENT|test-results\reconciliation-suite--RS-0-dd7a3--opp-but-different-products-chromium\video.webm]]

[[ATTACHMENT|test-results\reconciliation-suite--RS-0-dd7a3--opp-but-different-products-chromium\trace.zip]]
]]>
</system-out>
</testcase>
<testcase name="[RS-076] @ui-review Names align but deal-specific IDs point elsewhere" classname="reconciliation-suite.spec.ts" time="6.58">
<system-out>
<![CDATA[
[[ATTACHMENT|test-results\reconciliation-suite--RS-0-5cbf6-pecific-IDs-point-elsewhere-chromium\attachments\RS-076-result-df70b4254abd3cfdd86bc4133e78fab2d15fd21b.json]]

[[ATTACHMENT|test-results\reconciliation-suite--RS-0-5cbf6-pecific-IDs-point-elsewhere-chromium\video.webm]]

[[ATTACHMENT|test-results\reconciliation-suite--RS-0-5cbf6-pecific-IDs-point-elsewhere-chromium\trace.zip]]
]]>
</system-out>
</testcase>
<testcase name="[RS-077] @ui-review One line may apply to several product types under same account" classname="reconciliation-suite.spec.ts" time="21.295">
<system-out>
<![CDATA[
[[ATTACHMENT|test-results\reconciliation-suite--RS-0-c340a-ct-types-under-same-account-chromium\attachments\RS-077-result-79b3209fc062b410d35cbfe5e9916b0755c35d80.json]]

[[ATTACHMENT|test-results\reconciliation-suite--RS-0-c340a-ct-types-under-same-account-chromium\video.webm]]

[[ATTACHMENT|test-results\reconciliation-suite--RS-0-c340a-ct-types-under-same-account-chromium\trace.zip]]
]]>
</system-out>
</testcase>
<testcase name="[RS-078] @deterministic Carrier pays prior month in current file" classname="reconciliation-suite.spec.ts" time="14.017">
<system-out>
<![CDATA[
[[ATTACHMENT|test-results\reconciliation-suite--RS-0-f8fa8-prior-month-in-current-file-chromium\attachments\RS-078-result-934c003bc777a5624e39ef660f7f4fc1a6d3851a.json]]

[[ATTACHMENT|test-results\reconciliation-suite--RS-0-f8fa8-prior-month-in-current-file-chromium\video.webm]]

[[ATTACHMENT|test-results\reconciliation-suite--RS-0-f8fa8-prior-month-in-current-file-chromium\trace.zip]]
]]>
</system-out>
</testcase>
<testcase name="[RS-079] @deterministic Carrier prepays earlier than expected" classname="reconciliation-suite.spec.ts" time="13.734">
<system-out>
<![CDATA[
[[ATTACHMENT|test-results\reconciliation-suite--RS-0-238e9-epays-earlier-than-expected-chromium\attachments\RS-079-result-8ffe687978dbe6a01da5efd976315e6668830f98.json]]

[[ATTACHMENT|test-results\reconciliation-suite--RS-0-238e9-epays-earlier-than-expected-chromium\video.webm]]

[[ATTACHMENT|test-results\reconciliation-suite--RS-0-238e9-epays-earlier-than-expected-chromium\trace.zip]]
]]>
</system-out>
</testcase>
<testcase name="[RS-080] @deterministic Standard line includes unexpected extra commission" classname="reconciliation-suite.spec.ts" time="14.432">
<system-out>
<![CDATA[
[[ATTACHMENT|test-results\reconciliation-suite--RS-0-a6d33-unexpected-extra-commission-chromium\attachments\RS-080-result-88a60f9d7d169c92b3e0ddd6c2d146d39a08a133.json]]

[[ATTACHMENT|test-results\reconciliation-suite--RS-0-a6d33-unexpected-extra-commission-chromium\video.webm]]

[[ATTACHMENT|test-results\reconciliation-suite--RS-0-a6d33-unexpected-extra-commission-chromium\trace.zip]]
]]>
</system-out>
</testcase>
<testcase name="[RS-081] @deterministic Current line reduced by prior-period chargeback" classname="reconciliation-suite.spec.ts" time="20.871">
<system-out>
<![CDATA[
[[ATTACHMENT|test-results\reconciliation-suite--RS-0-74fbc--by-prior-period-chargeback-chromium\attachments\RS-081-result-50983fd5c0a900ab5570dc01588f971b2d0cfb64.json]]

[[ATTACHMENT|test-results\reconciliation-suite--RS-0-74fbc--by-prior-period-chargeback-chromium\video.webm]]

[[ATTACHMENT|test-results\reconciliation-suite--RS-0-74fbc--by-prior-period-chargeback-chromium\trace.zip]]
]]>
</system-out>
</testcase>
<testcase name="[RS-082] @deterministic Metadata aged but IDs and amounts fit" classname="reconciliation-suite.spec.ts" time="13.721">
<system-out>
<![CDATA[
[[ATTACHMENT|test-results\reconciliation-suite--RS-0-4ef1b-ged-but-IDs-and-amounts-fit-chromium\attachments\RS-082-result-e1d3b34219325888787f80979a26abfc695c17eb.json]]

[[ATTACHMENT|test-results\reconciliation-suite--RS-0-4ef1b-ged-but-IDs-and-amounts-fit-chromium\video.webm]]

[[ATTACHMENT|test-results\reconciliation-suite--RS-0-4ef1b-ged-but-IDs-and-amounts-fit-chromium\trace.zip]]
]]>
</system-out>
</testcase>
<testcase name="[RS-083] @deterministic Customer name text wrong but unique IDs right" classname="reconciliation-suite.spec.ts" time="13.782">
<system-out>
<![CDATA[
[[ATTACHMENT|test-results\reconciliation-suite--RS-0-168d0--wrong-but-unique-IDs-right-chromium\attachments\RS-083-result-1388c41e4082a88de0beb9ebba91c437733e6846.json]]

[[ATTACHMENT|test-results\reconciliation-suite--RS-0-168d0--wrong-but-unique-IDs-right-chromium\video.webm]]

[[ATTACHMENT|test-results\reconciliation-suite--RS-0-168d0--wrong-but-unique-IDs-right-chromium\trace.zip]]
]]>
</system-out>
</testcase>
<testcase name="[RS-084] @deterministic Carrier pays a line that should no longer be active" classname="reconciliation-suite.spec.ts" time="13.648">
<system-out>
<![CDATA[
[[ATTACHMENT|test-results\reconciliation-suite--RS-0-76397--should-no-longer-be-active-chromium\attachments\RS-084-result-51878b44a22e40dbe24dc1b24d221d135b333550.json]]

[[ATTACHMENT|test-results\reconciliation-suite--RS-0-76397--should-no-longer-be-active-chromium\video.webm]]

[[ATTACHMENT|test-results\reconciliation-suite--RS-0-76397--should-no-longer-be-active-chromium\trace.zip]]
]]>
</system-out>
</testcase>
<testcase name="[RS-085] @deterministic Deposit line contains only vendor/distributor and dollars" classname="reconciliation-suite.spec.ts" time="13.748">
<system-out>
<![CDATA[
[[ATTACHMENT|test-results\reconciliation-suite--RS-0-05950-dor-distributor-and-dollars-chromium\attachments\RS-085-result-4975c0955dce7a774acfbff8131ea1ce8c903e04.json]]

[[ATTACHMENT|test-results\reconciliation-suite--RS-0-05950-dor-distributor-and-dollars-chromium\video.webm]]

[[ATTACHMENT|test-results\reconciliation-suite--RS-0-05950-dor-distributor-and-dollars-chromium\trace.zip]]
]]>
</system-out>
</testcase>
<testcase name="[RS-086] @deterministic Actual rate includes extra decimal precision before rounding" classname="reconciliation-suite.spec.ts" time="14.389">
<system-out>
<![CDATA[
[[ATTACHMENT|test-results\reconciliation-suite--RS-0-8861f-l-precision-before-rounding-chromium\attachments\RS-086-result-084fa275ab7a4529a95a98d4f75858afa9da24dc.json]]

[[ATTACHMENT|test-results\reconciliation-suite--RS-0-8861f-l-precision-before-rounding-chromium\video.webm]]

[[ATTACHMENT|test-results\reconciliation-suite--RS-0-8861f-l-precision-before-rounding-chromium\trace.zip]]
]]>
</system-out>
</testcase>
<testcase name="[RS-087] @deterministic Actual commission not tied proportionally to usage" classname="reconciliation-suite.spec.ts" time="13.68">
<system-out>
<![CDATA[
[[ATTACHMENT|test-results\reconciliation-suite--RS-0-1a9b3-ied-proportionally-to-usage-chromium\attachments\RS-087-result-526a22fa599f08b2dec9f2763a229a8c0a8c84a2.json]]

[[ATTACHMENT|test-results\reconciliation-suite--RS-0-1a9b3-ied-proportionally-to-usage-chromium\video.webm]]

[[ATTACHMENT|test-results\reconciliation-suite--RS-0-1a9b3-ied-proportionally-to-usage-chromium\trace.zip]]
]]>
</system-out>
</testcase>
<testcase name="[RS-088] @deterministic Commission off by $0.01 high" classname="reconciliation-suite.spec.ts" time="14.392">
<system-out>
<![CDATA[
[[ATTACHMENT|test-results\reconciliation-suite--RS-0-02ffb-Commission-off-by-0-01-high-chromium\attachments\RS-088-result-3d5d606365de785a06d1eefb6554d484b9029c89.json]]

[[ATTACHMENT|test-results\reconciliation-suite--RS-0-02ffb-Commission-off-by-0-01-high-chromium\video.webm]]

[[ATTACHMENT|test-results\reconciliation-suite--RS-0-02ffb-Commission-off-by-0-01-high-chromium\trace.zip]]
]]>
</system-out>
</testcase>
<testcase name="[RS-089] @deterministic Commission off by $0.01 low" classname="reconciliation-suite.spec.ts" time="14.41">
<system-out>
<![CDATA[
[[ATTACHMENT|test-results\reconciliation-suite--RS-0-da94d--Commission-off-by-0-01-low-chromium\attachments\RS-089-result-654900b8b2bee36ff65c12c721a717a8d39c28ec.json]]

[[ATTACHMENT|test-results\reconciliation-suite--RS-0-da94d--Commission-off-by-0-01-low-chromium\video.webm]]

[[ATTACHMENT|test-results\reconciliation-suite--RS-0-da94d--Commission-off-by-0-01-low-chromium\trace.zip]]
]]>
</system-out>
</testcase>
<testcase name="[RS-090] @deterministic Split leaves one-cent remainder" classname="reconciliation-suite.spec.ts" time="21.351">
<system-out>
<![CDATA[
[[ATTACHMENT|test-results\reconciliation-suite--RS-0-1cd36-t-leaves-one-cent-remainder-chromium\attachments\RS-090-result-192907efae6550855c5e209667e7caf754801dc0.json]]

[[ATTACHMENT|test-results\reconciliation-suite--RS-0-1cd36-t-leaves-one-cent-remainder-chromium\video.webm]]

[[ATTACHMENT|test-results\reconciliation-suite--RS-0-1cd36-t-leaves-one-cent-remainder-chromium\trace.zip]]
]]>
</system-out>
</testcase>
<testcase name="[RS-091] @needs-clarification Aggregated lines create cent residual" classname="reconciliation-suite.spec.ts" time="21.258">
<system-out>
<![CDATA[
[[ATTACHMENT|test-results\reconciliation-suite--RS-0-48094--lines-create-cent-residual-chromium\attachments\RS-091-result-b2f53b439bf80bdf17a075ecf330cf1dac59da70.json]]

[[ATTACHMENT|test-results\reconciliation-suite--RS-0-48094--lines-create-cent-residual-chromium\video.webm]]

[[ATTACHMENT|test-results\reconciliation-suite--RS-0-48094--lines-create-cent-residual-chromium\trace.zip]]
]]>
</system-out>
</testcase>
<testcase name="[RS-092] @deterministic Actual derived rate rounds to expected after 2 decimals" classname="reconciliation-suite.spec.ts" time="14.42">
<system-out>
<![CDATA[
[[ATTACHMENT|test-results\reconciliation-suite--RS-0-5e58b-o-expected-after-2-decimals-chromium\attachments\RS-092-result-ed017ea1029ed9a8eebea0cabe897317a5c4cb8c.json]]

[[ATTACHMENT|test-results\reconciliation-suite--RS-0-5e58b-o-expected-after-2-decimals-chromium\video.webm]]

[[ATTACHMENT|test-results\reconciliation-suite--RS-0-5e58b-o-expected-after-2-decimals-chromium\trace.zip]]
]]>
</system-out>
</testcase>
<testcase name="[RS-093] @deterministic Actual derived rate rounds below expected at 2 decimals" classname="reconciliation-suite.spec.ts" time="16.06">
<system-out>
<![CDATA[
[[ATTACHMENT|test-results\reconciliation-suite--RS-0-28689-elow-expected-at-2-decimals-chromium\attachments\RS-093-result-76fedd6846b827c45287af196579f49c6176a540.json]]

[[ATTACHMENT|test-results\reconciliation-suite--RS-0-28689-elow-expected-at-2-decimals-chromium\video.webm]]

[[ATTACHMENT|test-results\reconciliation-suite--RS-0-28689-elow-expected-at-2-decimals-chromium\trace.zip]]
]]>
</system-out>
</testcase>
<testcase name="[RS-094] @deterministic One split line looks off but total is exact" classname="reconciliation-suite.spec.ts" time="21.927">
<system-out>
<![CDATA[
[[ATTACHMENT|test-results\reconciliation-suite--RS-0-3efb4-ooks-off-but-total-is-exact-chromium\attachments\RS-094-result-7fe557575041854b6fd93ce0c3072c19c4d70b43.json]]

[[ATTACHMENT|test-results\reconciliation-suite--RS-0-3efb4-ooks-off-but-total-is-exact-chromium\video.webm]]

[[ATTACHMENT|test-results\reconciliation-suite--RS-0-3efb4-ooks-off-but-total-is-exact-chromium\trace.zip]]
]]>
</system-out>
</testcase>
<testcase name="[RS-095] @deterministic Both usage and commission differ slightly from rounding" classname="reconciliation-suite.spec.ts" time="14.614">
<system-out>
<![CDATA[
[[ATTACHMENT|test-results\reconciliation-suite--RS-0-78a0c-ffer-slightly-from-rounding-chromium\attachments\RS-095-result-4e37a3690c2b704586081274fdad6fc4f728cafa.json]]

[[ATTACHMENT|test-results\reconciliation-suite--RS-0-78a0c-ffer-slightly-from-rounding-chromium\video.webm]]

[[ATTACHMENT|test-results\reconciliation-suite--RS-0-78a0c-ffer-slightly-from-rounding-chromium\trace.zip]]
]]>
</system-out>
</testcase>
<testcase name="[RS-096] @deterministic Small usage rounding cannot explain large commission gap" classname="reconciliation-suite.spec.ts" time="14.479">
<system-out>
<![CDATA[
[[ATTACHMENT|test-results\reconciliation-suite--RS-0-726c5-xplain-large-commission-gap-chromium\attachments\RS-096-result-9c3409a68c80acf14379a2c2d0bb045a790c3ed8.json]]

[[ATTACHMENT|test-results\reconciliation-suite--RS-0-726c5-xplain-large-commission-gap-chromium\video.webm]]

[[ATTACHMENT|test-results\reconciliation-suite--RS-0-726c5-xplain-large-commission-gap-chromium\trace.zip]]
]]>
</system-out>
</testcase>
<testcase name="[RS-097] @deterministic Rounded display shows 0 but underlying source created cents" classname="reconciliation-suite.spec.ts" time="13.899">
<system-out>
<![CDATA[
[[ATTACHMENT|test-results\reconciliation-suite--RS-0-18b92-rlying-source-created-cents-chromium\attachments\RS-097-result-656f34ef3bc9cda92acce4ff317a5f786d6001a4.json]]

[[ATTACHMENT|test-results\reconciliation-suite--RS-0-18b92-rlying-source-created-cents-chromium\video.webm]]

[[ATTACHMENT|test-results\reconciliation-suite--RS-0-18b92-rlying-source-created-cents-chromium\trace.zip]]
]]>
</system-out>
</testcase>
<testcase name="[RS-098] @ui-review User accepts actual rate for current schedule only" classname="reconciliation-suite.spec.ts" time="6.624">
<system-out>
<![CDATA[
[[ATTACHMENT|test-results\reconciliation-suite--RS-0-dee17-e-for-current-schedule-only-chromium\attachments\RS-098-result-591c109efeca1cacd5f64605ee152e2b97541fab.json]]

[[ATTACHMENT|test-results\reconciliation-suite--RS-0-dee17-e-for-current-schedule-only-chromium\video.webm]]

[[ATTACHMENT|test-results\reconciliation-suite--RS-0-dee17-e-for-current-schedule-only-chromium\trace.zip]]
]]>
</system-out>
</testcase>
<testcase name="[RS-099] @ui-review User accepts actual rate for this and future schedules" classname="reconciliation-suite.spec.ts" time="6.669">
<system-out>
<![CDATA[
[[ATTACHMENT|test-results\reconciliation-suite--RS-0-3af3d-r-this-and-future-schedules-chromium\attachments\RS-099-result-18b5bfcf56207e59c6bff65384abd29355b81c0c.json]]

[[ATTACHMENT|test-results\reconciliation-suite--RS-0-3af3d-r-this-and-future-schedules-chromium\video.webm]]

[[ATTACHMENT|test-results\reconciliation-suite--RS-0-3af3d-r-this-and-future-schedules-chromium\trace.zip]]
]]>
</system-out>
</testcase>
<testcase name="[RS-100] @ui-review User accepts actual rate and updates master catalog" classname="reconciliation-suite.spec.ts" time="6.654">
<system-out>
<![CDATA[
[[ATTACHMENT|test-results\reconciliation-suite--RS-1-65eca--and-updates-master-catalog-chromium\attachments\RS-100-result-de2ab3046536e728a3f6ceee549163f51c1a55f3.json]]

[[ATTACHMENT|test-results\reconciliation-suite--RS-1-65eca--and-updates-master-catalog-chromium\video.webm]]

[[ATTACHMENT|test-results\reconciliation-suite--RS-1-65eca--and-updates-master-catalog-chromium\trace.zip]]
]]>
</system-out>
</testcase>
<testcase name="[RS-101] @ui-review User agrees actual usage is valid one-off variance" classname="reconciliation-suite.spec.ts" time="6.653">
<system-out>
<![CDATA[
[[ATTACHMENT|test-results\reconciliation-suite--RS-1-954fd-e-is-valid-one-off-variance-chromium\attachments\RS-101-result-3edcb74ee86170bb7b30a04604424404f5209f24.json]]

[[ATTACHMENT|test-results\reconciliation-suite--RS-1-954fd-e-is-valid-one-off-variance-chromium\video.webm]]

[[ATTACHMENT|test-results\reconciliation-suite--RS-1-954fd-e-is-valid-one-off-variance-chromium\trace.zip]]
]]>
</system-out>
</testcase>
<testcase name="[RS-102] @ui-review User manually distributes deposit across schedules" classname="reconciliation-suite.spec.ts" time="21.418">
<system-out>
<![CDATA[
[[ATTACHMENT|test-results\reconciliation-suite--RS-1-13646-es-deposit-across-schedules-chromium\attachments\RS-102-result-3e2807bd9eb47309f311caf3218bd3f0e6896e83.json]]

[[ATTACHMENT|test-results\reconciliation-suite--RS-1-13646-es-deposit-across-schedules-chromium\video.webm]]

[[ATTACHMENT|test-results\reconciliation-suite--RS-1-13646-es-deposit-across-schedules-chromium\trace.zip]]
]]>
</system-out>
</testcase>
<testcase name="[RS-103] @ui-review User accepts matched portion and leaves remainder open" classname="reconciliation-suite.spec.ts" time="13.842">
<system-out>
<![CDATA[
[[ATTACHMENT|test-results\reconciliation-suite--RS-1-9f583-n-and-leaves-remainder-open-chromium\attachments\RS-103-result-6f15fd46b1dbd3e0089ae61be9987939c5a5652d.json]]

[[ATTACHMENT|test-results\reconciliation-suite--RS-1-9f583-n-and-leaves-remainder-open-chromium\video.webm]]

[[ATTACHMENT|test-results\reconciliation-suite--RS-1-9f583-n-and-leaves-remainder-open-chromium\trace.zip]]
]]>
</system-out>
</testcase>
<testcase name="[RS-104] @ui-review User decides candidate is wrong despite strong metadata" classname="reconciliation-suite.spec.ts" time="6.65">
<system-out>
<![CDATA[
[[ATTACHMENT|test-results\reconciliation-suite--RS-1-e6504-ong-despite-strong-metadata-chromium\attachments\RS-104-result-e7b6b1abb290fa21cbbcae9d62c1e01decafa53e.json]]

[[ATTACHMENT|test-results\reconciliation-suite--RS-1-e6504-ong-despite-strong-metadata-chromium\video.webm]]

[[ATTACHMENT|test-results\reconciliation-suite--RS-1-e6504-ong-despite-strong-metadata-chromium\trace.zip]]
]]>
</system-out>
</testcase>
<testcase name="[RS-105] @ui-review User confirms spiff/flat/minimum payout is valid" classname="reconciliation-suite.spec.ts" time="6.635">
<system-out>
<![CDATA[
[[ATTACHMENT|test-results\reconciliation-suite--RS-1-f3699-lat-minimum-payout-is-valid-chromium\attachments\RS-105-result-8fac3dcb607231c46bf419554705b8d4e22bc8bb.json]]

[[ATTACHMENT|test-results\reconciliation-suite--RS-1-f3699-lat-minimum-payout-is-valid-chromium\video.webm]]

[[ATTACHMENT|test-results\reconciliation-suite--RS-1-f3699-lat-minimum-payout-is-valid-chromium\trace.zip]]
]]>
</system-out>
</testcase>
</testsuite>
</testsuites>